SCRIPT  /Users/raynor106/.vimrc
Sourced 1 time
Total time:   0.359199
 Self time:   0.002616

count  total (s)   self (s)
    1   0.000260   0.000252 set nocompatible
    1   0.331037   0.000024 call plug#begin('~/.vim/plugged')
                            
                            " Absolutes [FOR ME]
    1              0.000252 Plug 'vim-airline/vim-airline'
    1              0.000219 Plug 'vim-airline/vim-airline-themes'
    1              0.000174 Plug 'ctrlpvim/ctrlp.vim'
                            " Plug 'scrooloose/nerdtree' " Makes vim slow :(
    1              0.000173 Plug 'Valloric/YouCompleteMe'
                            " Plug 'vim-syntastic/syntastic' " Makes vim slow :(
    1              0.000169 Plug 'vim-scripts/scons.vim'
                            
                            " Optionals
    1              0.000217 Plug 'iamcco/markdown-preview.nvim', { 'do': 'cd app & yarn install'  }
    1              0.000169 Plug 'thanethomson/vim-jenkinsfile'
    1              0.000161 Plug 'elzr/vim-json'
                            " Plug 'quramy/tsuquyomi'
                            " Plug 'leafgarland/typescript-vim'
                            " Plug 'fatih/vim-go', { 'do': ':GoUpdateBinaries' }
                            " Plug 'nsf/gocode', { 'rtp': 'vim', 'do': '~/.vim/plugged/gocode/vim/symlink.sh' }
                            
                            "Colorschemes
                            " Plug 'dracula/vim', { 'as': 'dracula' }
                            " Plug 'nanotech/jellybeans.vim'
                            " Plug 'sickill/vim-monokai'
                            " Plug 'bitfield/vim-gitgo' "Best for Go
                            " Plug 'mr-ubik/vim-hackerman-syntax'
                            
    1   0.021956   0.000010 call plug#end()
                            
    1   0.000012   0.000011 set backspace=indent,eol,start
    1   0.000009   0.000008 set mouse=a
    1   0.003622   0.000153 syntax on
    1   0.000013   0.000011 set autoindent
    1   0.000583   0.000456 filetype indent on
    1   0.000013   0.000010 set smartindent
    1   0.000008   0.000007 set number
    1              0.000007 set cursorline
                            " colorscheme hackerman
                            
                            " Ugh, size 2 tabs :/
    1   0.000018   0.000008 set tabstop=2
    1   0.000009   0.000008 set shiftwidth=2
    1   0.000008   0.000007 set expandtab
                            
                            " Airline options
    1              0.000005 let g:airline_theme='base16_default'
                            
                            " Ctrl-P options
    1              0.000008 let g:ctrlp_map = '<c-p>'
    1              0.000003 let g:ctrlp_cmd = 'CtrlP'
                            
                            " Go options
                            " let g:go_highlight_structs = 0 
                            " let g:go_highlight_methods = 0
                            " let g:go_highlight_functions = 0
                            " let g:go_highlight_operators = 0
                            " let g:go_highlight_build_constraints = -5
                            
                            " set to 1, nvim will open the preview window after entering the markdown buffer
                            " default: 0
                            " let g:mkdp_auto_start = 0
                            
                            " set to 1, the nvim will auto close current preview window when change
                            " from markdown buffer to another buffer
                            " default: 1
                            " let g:mkdp_auto_close = 1
                            
                            " set to 1, the vim will refresh markdown when save the buffer or
                            " leave from insert mode, default 0 is auto refresh markdown as you edit or
                            " move the cursor
                            " default: 0
                            " let g:mkdp_refresh_slow = 0
                            
                            " Highlighting for Scons
    1              0.000011 au BufNewFile,BufRead SCons* set filetype=scons 
                            
                            " paste from buffer
                            " map <C-v> :r ~/.vimbuffer<CR>
                            

